D2S17 Wong 4
========================================================================================================================================================================================================================================
|       shoes        |   hands_per_shoe   |      avg_bet       |     win_2_lose     |    ev_per_shoe     |     ev_per_100     |    std_per_shoe    |    std_per_100     |       max_dd       |dd_duration_in_hands|    risk_of_ruin    |
----------------------------------------------------------------------------------------------------------------------------------------------------------------------------------------------------------------------------------------
|    1000000.000     |       14.893       |       1.535        |       1.019        |       0.227        |       1.526        |       8.415        |       21.800       |      1430.000      |     125443.000     |       0.105        |
========================================================================================================================================================================================================================================

D2S17 Wong 4 Passive, coef = 0.8
========================================================================================================================================================================================================================================
|       shoes        |   hands_per_shoe   |      avg_bet       |     win_2_lose     |    ev_per_shoe     |     ev_per_100     |    std_per_shoe    |    std_per_100     |       max_dd       |dd_duration_in_hands|    risk_of_ruin    |
----------------------------------------------------------------------------------------------------------------------------------------------------------------------------------------------------------------------------------------
|    1000000.000     |       14.893       |       1.381        |       1.017        |       0.182        |       1.222        |       7.434        |       19.154       |      1270.043      |     59962.000      |       0.097        |
========================================================================================================================================================================================================================================

D2S17 Wong 4 Passive, coef = 0.5
========================================================================================================================================================================================================================================
|       shoes        |   hands_per_shoe   |      avg_bet       |     win_2_lose     |    ev_per_shoe     |     ev_per_100     |    std_per_shoe    |    std_per_100     |       max_dd       |dd_duration_in_hands|    risk_of_ruin    |
----------------------------------------------------------------------------------------------------------------------------------------------------------------------------------------------------------------------------------------
|    1000000.000     |       14.893       |       1.227        |       1.014        |       0.137        |       0.921        |       6.321        |       16.275       |      1044.688      |     93777.000      |       0.088        |
========================================================================================================================================================================================================================================

D2S17 Wong 4 w/ basic strategy
========================================================================================================================================================================================================================================
|       shoes        |   hands_per_shoe   |      avg_bet       |     win_2_lose     |    ev_per_shoe     |     ev_per_100     |    std_per_shoe    |    std_per_100     |       max_dd       |dd_duration_in_hands|    risk_of_ruin    |
----------------------------------------------------------------------------------------------------------------------------------------------------------------------------------------------------------------------------------------
|     100000.000     |       14.865       |       1.533        |       1.013        |       0.154        |       1.037        |       8.102        |       20.793       |      849.500       |     22994.000      |       0.186        |
========================================================================================================================================================================================================================================