2025-01-11 10:15:53,123:INFO:expected_value.run() is called with the following configurations:
2025-01-11 10:15:53,124:INFO:{'mover': <action_strategies.CardCountMover object at 0x15bf19940>, 'better': <betting_strategies.Wong6 object at 0x15bf1a7b0>, 'total_simulations': 100000, 'cores': 6, 'deck_number': 6, 'shoe_penetration': 0.25, 'dealer_peeks_for_blackjack': True, 'das': True, 'dealer_stands_soft_17': True, 'surrender_allowed': True, 'units': 200, 'hands_played': 1000, 'num_of_other_players': 0}
2025-01-11 10:17:09,511:INFO:==================================================
2025-01-11 10:17:09,512:INFO:results:
2025-01-11 10:17:09,513:INFO:
shoes,hands_per_shoe,avg_bet,win_2_lose,ev_per_shoe,ev_per_100,std_per_shoe,std_per_100,max_dd,dd_duration_in_hands
100000,43.71996,0.595263457926311,1.0369071288250074,0.486854415,1.113573684812443,10.56031598396438,15.850915084473707,960.6670000015183,111026
2025-01-11 10:17:09,513:INFO:==================================================
2025-01-11 10:17:10,463:INFO:               mean       std
tc                           
-20 to -1 -0.000017  0.001166
0         -0.000007  0.001152
1          0.000026  0.063458
2          0.004186  1.159953
3          0.017657  2.301867
4          0.046171  3.458287
5          0.087452  4.641186
6          0.181480  5.896002
7          0.223261  7.121659
8          0.267143  7.227881
9          0.163482  7.187006
10         0.433062  7.071801
11 to 20   0.571734  7.131376
2025-01-11 10:17:10,465:INFO:==================================================
2025-01-22 09:36:40,192:INFO:expected_value.run() is called with the following configurations:
2025-01-22 09:36:40,192:INFO:{'mover': <action_strategies.CardCountMover object at 0x15ab39940>, 'better': <betting_strategies.Wong6 object at 0x15ab3a7b0>, 'total_simulations': 100000, 'cores': 6, 'deck_number': 6, 'shoe_penetration': 0.25, 'dealer_peeks_for_blackjack': True, 'das': True, 'dealer_stands_soft_17': True, 'surrender_allowed': True, 'units': 200, 'hands_played': 1000, 'num_of_other_players': 0}
2025-01-22 09:37:42,324:INFO:expected_value.run() is called with the following configurations:
2025-01-22 09:37:42,324:INFO:{'mover': <action_strategies.CardCountMover object at 0x15e795940>, 'better': <betting_strategies.Wong6 object at 0x15e7967b0>, 'total_simulations': 1000, 'cores': 6, 'deck_number': 6, 'shoe_penetration': 0.25, 'dealer_peeks_for_blackjack': True, 'das': True, 'dealer_stands_soft_17': True, 'surrender_allowed': True, 'units': 200, 'hands_played': 1000, 'num_of_other_players': 0}
2025-01-22 09:37:45,006:INFO:==================================================
2025-01-22 09:37:45,006:INFO:results:
2025-01-22 09:37:45,007:INFO:
shoes,hands_per_shoe,avg_bet,win_2_lose,ev_per_shoe,ev_per_100,std_per_shoe,std_per_100,max_dd,dd_duration_in_hands,risk_of_ruin
1000,43.462,0.616987046155262,1.040397440550551,0.549959,1.264273563218391,10.834497354010976,15.255283310731416,240.6194999999788,8169,0.11326791950198453
2025-01-22 09:37:45,007:INFO:==================================================
2025-01-22 09:37:45,045:INFO:               mean       std
tc                           
-20 to -1 -0.000027  0.001166
0         -0.000032  0.001147
1          0.000748  0.066029
2          0.005175  1.167999
3         -0.010713  2.308888
4          0.145606  3.493938
5         -0.025571  4.664583
6          0.303723  5.856654
7          0.247525  7.252411
8          0.545455  7.703739
9         -0.243243  6.448701
10         0.738462  6.517469
11 to 20  -0.246575  6.703608
2025-01-22 09:37:45,048:INFO:==================================================
2025-01-22 09:39:20,512:INFO:expected_value.run() is called with the following configurations:
2025-01-22 09:39:20,513:INFO:{'mover': <action_strategies.CardCountMover object at 0x15e08d940>, 'better': <betting_strategies.Wong6 object at 0x15e08e7b0>, 'total_simulations': 100000, 'cores': 6, 'deck_number': 6, 'shoe_penetration': 0.25, 'dealer_peeks_for_blackjack': True, 'das': True, 'dealer_stands_soft_17': True, 'surrender_allowed': True, 'units': 200, 'hands_played': 1000, 'num_of_other_players': 0}
2025-01-22 09:40:36,332:INFO:==================================================
2025-01-22 09:40:36,332:INFO:results:
2025-01-22 09:40:36,332:INFO:
shoes,hands_per_shoe,avg_bet,win_2_lose,ev_per_shoe,ev_per_100,std_per_shoe,std_per_100,max_dd,dd_duration_in_hands,risk_of_ruin
100000,43.71741,0.5963099982364005,1.0375746615300039,0.49662886,1.1359825701084225,10.561423007886734,15.937775222542832,1208.2854999943884,40541,0.16664354547093804
2025-01-22 09:40:36,333:INFO:==================================================
2025-01-22 09:40:37,314:INFO:               mean       std
tc                           
-20 to -1 -0.000018  0.001166
0         -0.000008  0.001152
1          0.000189  0.063801
2          0.005923  1.161623
3          0.025244  2.297185
4          0.045812  3.461359
5          0.073152  4.647154
6          0.204454  5.898456
7          0.242273  7.125957
8          0.120061  7.130164
9          0.235371  7.134179
10         0.280806  7.131618
11 to 20   0.476466  7.170300
2025-01-22 09:40:37,317:INFO:==================================================
2025-01-22 09:41:42,002:INFO:expected_value.run() is called with the following configurations:
2025-01-22 09:41:42,002:INFO:{'mover': <action_strategies.CardCountMover object at 0x159de5940>, 'better': <betting_strategies.Wong6 object at 0x159de67b0>, 'total_simulations': 100000, 'cores': 6, 'deck_number': 6, 'shoe_penetration': 0.17, 'dealer_peeks_for_blackjack': True, 'das': True, 'dealer_stands_soft_17': True, 'surrender_allowed': True, 'units': 200, 'hands_played': 1000, 'num_of_other_players': 0}
2025-01-22 09:43:07,196:INFO:==================================================
2025-01-22 09:43:07,197:INFO:results:
2025-01-22 09:43:07,197:INFO:
shoes,hands_per_shoe,avg_bet,win_2_lose,ev_per_shoe,ev_per_100,std_per_shoe,std_per_100,max_dd,dd_duration_in_hands,risk_of_ruin
100000,48.32129,0.6836473225362981,1.042406926772608,0.708662955,1.4665430963122388,12.48608639303923,17.962576257372223,694.7299999994066,45676,0.16167694323537746
2025-01-22 09:43:07,197:INFO:==================================================
2025-01-22 09:43:08,251:INFO:               mean       std
tc                           
-20 to -1 -0.000019  0.001168
0         -0.000004  0.001151
1          0.000013  0.071839
2          0.007152  1.164954
3          0.037709  2.308535
4          0.046159  3.470638
5          0.064542  4.646308
6          0.088430  5.888214
7          0.216376  7.067532
8          0.300757  7.135084
9          0.340308  7.195841
10         0.197542  7.205641
11 to 20   0.423548  7.183753
2025-01-22 09:43:08,253:INFO:==================================================
2025-01-22 09:43:48,809:INFO:expected_value.run() is called with the following configurations:
2025-01-22 09:43:48,809:INFO:{'mover': <action_strategies.CardCountMover object at 0x15a185940>, 'better': <betting_strategies.Wong6 object at 0x15a1867b0>, 'total_simulations': 100000, 'cores': 6, 'deck_number': 6, 'shoe_penetration': 0.33, 'dealer_peeks_for_blackjack': True, 'das': True, 'dealer_stands_soft_17': True, 'surrender_allowed': True, 'units': 200, 'hands_played': 1000, 'num_of_other_players': 0}
2025-01-22 09:44:57,903:INFO:==================================================
2025-01-22 09:44:57,903:INFO:results:
2025-01-22 09:44:57,903:INFO:
shoes,hands_per_shoe,avg_bet,win_2_lose,ev_per_shoe,ev_per_100,std_per_shoe,std_per_100,max_dd,dd_duration_in_hands,risk_of_ruin
100000,39.30506,0.5134154465099404,1.0361961659448276,0.37017847000000004,0.9417861649620926,8.82743962218222,14.085340091125046,579.143500000142,42202,0.1493249873313612
2025-01-22 09:44:57,903:INFO:==================================================
2025-01-22 09:44:58,768:INFO:               mean       std
tc                           
-20 to -1 -0.000017  0.001164
0         -0.000007  0.001153
1         -0.000053  0.064754
2          0.007793  1.158377
3          0.017980  2.300039
4          0.049716  3.445613
5          0.099245  4.633842
6          0.197871  5.876081
7          0.331369  7.174716
8          0.221712  7.305039
9          0.149396  7.344657
10         0.317770  7.322759
11 to 20   0.478053  7.416230
2025-01-22 09:44:58,771:INFO:==================================================
2025-01-22 10:39:20,151:INFO:expected_value.run() is called with the following configurations:
2025-01-22 10:39:20,151:INFO:{'mover': <action_strategies.CardCountMover object at 0x159e69940>, 'better': <betting_strategies.Wong6 object at 0x159e6a7b0>, 'total_simulations': 100000, 'cores': 6, 'deck_number': 6, 'shoe_penetration': 0.2, 'dealer_peeks_for_blackjack': True, 'das': True, 'dealer_stands_soft_17': True, 'surrender_allowed': True, 'units': 200, 'hands_played': 1000, 'num_of_other_players': 0}
2025-01-22 10:40:41,463:INFO:==================================================
2025-01-22 10:40:41,464:INFO:results:
2025-01-22 10:40:41,464:INFO:
shoes,hands_per_shoe,avg_bet,win_2_lose,ev_per_shoe,ev_per_100,std_per_shoe,std_per_100,max_dd,dd_duration_in_hands,risk_of_ruin
100000,46.65887,0.6501619059784345,1.0377362854177636,0.5803752,1.2438654921880024,11.759416694438482,17.06819251675836,733.5240000009362,52436,0.18070000254735263
2025-01-22 10:40:41,464:INFO:==================================================
2025-01-22 10:40:42,487:INFO:               mean       std
tc                           
-20 to -1 -0.000017  0.001168
0         -0.000008  0.001152
1         -0.000009  0.063550
2          0.006000  1.161379
3          0.027778  2.304837
4          0.049983  3.464890
5          0.089182  4.638013
6          0.110633  5.869562
7          0.219426  7.119916
8          0.239336  7.176424
9          0.111257  7.185866
10         0.242217  7.292122
11 to 20   0.328819  7.127198
2025-01-22 10:40:42,490:INFO:==================================================
2025-01-22 12:07:51,191:INFO:expected_value.run() is called with the following configurations:
2025-01-22 12:07:51,191:INFO:{'mover': <action_strategies.CardCountMover object at 0x15e4f1940>, 'better': <betting_strategies.Wong6 object at 0x15e4f27b0>, 'total_simulations': 1000, 'cores': 6, 'deck_number': 6, 'shoe_penetration': 0.2, 'dealer_peeks_for_blackjack': True, 'das': True, 'dealer_stands_soft_17': True, 'surrender_allowed': True, 'units': 200, 'hands_played': 1000, 'num_of_other_players': 0}
2025-01-22 12:07:53,976:INFO:==================================================
2025-01-22 12:07:53,976:INFO:results:
2025-01-22 12:07:53,976:INFO:
shoes,hands_per_shoe,avg_bet,win_2_lose,ev_per_shoe,ev_per_100,std_per_shoe,std_per_100,max_dd,dd_duration_in_hands,risk_of_ruin
1000,46.461,0.6070489012289878,1.03355434579203,0.483502,1.0397892473118282,11.393068678043834,16.518675898493022,200.51149999999603,3033,0.21734633515256677
2025-01-22 12:07:53,976:INFO:==================================================
2025-01-22 12:07:53,999:INFO:               mean       std
tc                           
-20 to -1 -0.000013  0.001168
0         -0.000014  0.001151
1          0.000108  0.069482
2          0.032358  1.145740
3          0.025477  2.333304
4          0.006353  3.442419
5          0.172251  4.743352
6          0.144084  5.978350
7         -0.112299  7.221743
8          0.293023  7.714091
9          0.061224  6.730858
10         0.081081  7.246646
11 to 20  -0.490909  6.997700
2025-01-22 12:07:54,001:INFO:==================================================
2025-01-22 12:08:08,705:INFO:expected_value.run() is called with the following configurations:
2025-01-22 12:08:08,705:INFO:{'mover': <action_strategies.CardCountMover object at 0x15ebc5940>, 'better': <betting_strategies.Wong6 object at 0x15ebc67b0>, 'total_simulations': 100, 'cores': 6, 'deck_number': 6, 'shoe_penetration': 0.2, 'dealer_peeks_for_blackjack': True, 'das': True, 'dealer_stands_soft_17': True, 'surrender_allowed': True, 'units': 200, 'hands_played': 1000, 'num_of_other_players': 0}
2025-01-22 12:08:10,726:INFO:==================================================
2025-01-22 12:08:10,726:INFO:results:
2025-01-22 12:08:10,726:INFO:
shoes,hands_per_shoe,avg_bet,win_2_lose,ev_per_shoe,ev_per_100,std_per_shoe,std_per_100,max_dd,dd_duration_in_hands,risk_of_ruin
100,44.63,0.6460147882590186,0.9617432922285202,-0.5895900000000001,-1.3102000000000005,11.271302215590078,18.626201708704148,168.4870000000015,3172,4.540772514207584
2025-01-22 12:08:10,726:INFO:==================================================
2025-01-22 12:08:10,739:INFO:               mean       std
tc                           
-20 to -1  0.000035  0.001170
0         -0.000065  0.001132
1          0.001739  0.123606
2         -0.005137  1.156668
3         -0.240803  2.337800
4          0.208075  3.843240
5          0.166667  4.408421
6         -0.008065  5.880986
7         -0.617647  7.227954
8         -1.153846  6.878059
9          0.333333  8.276473
10        -6.000000  0.000000
11 to 20   1.714286  8.807464
2025-01-22 12:08:10,741:INFO:==================================================
2025-01-22 12:08:20,347:INFO:expected_value.run() is called with the following configurations:
2025-01-22 12:08:20,347:INFO:{'mover': <action_strategies.CardCountMover object at 0x15a5dd940>, 'better': <betting_strategies.Wong6 object at 0x15a5de7b0>, 'total_simulations': 1000, 'cores': 6, 'deck_number': 6, 'shoe_penetration': 0.2, 'dealer_peeks_for_blackjack': True, 'das': True, 'dealer_stands_soft_17': True, 'surrender_allowed': True, 'units': 200, 'hands_played': 1000, 'num_of_other_players': 0}
2025-01-22 12:08:23,080:INFO:==================================================
2025-01-22 12:08:23,081:INFO:results:
2025-01-22 12:08:23,081:INFO:
shoes,hands_per_shoe,avg_bet,win_2_lose,ev_per_shoe,ev_per_100,std_per_shoe,std_per_100,max_dd,dd_duration_in_hands,risk_of_ruin
1000,46.524,0.6546416043332474,0.9971373972461514,-0.0450655,-0.09670708154506388,11.724408357078275,16.672527550694998,459.9769999999926,5052,1.1493101221851936
2025-01-22 12:08:23,081:INFO:==================================================
2025-01-22 12:08:23,103:INFO:               mean       std
tc                           
-20 to -1 -0.000023  0.001170
0         -0.000012  0.001151
1         -0.000226  0.070029
2          0.008181  1.159879
3          0.035272  2.293160
4         -0.102621  3.457581
5          0.199645  4.700448
6         -0.365741  6.028887
7          0.219718  6.972274
8         -0.042453  7.263692
9          0.128571  6.769422
10        -0.240000  6.829665
11 to 20  -0.705882  7.129062
2025-01-22 12:08:23,106:INFO:==================================================
2025-01-22 12:09:08,918:INFO:expected_value.run() is called with the following configurations:
2025-01-22 12:09:08,918:INFO:{'mover': <action_strategies.CardCountMover object at 0x15e185940>, 'better': <betting_strategies.Wong6 object at 0x15e1867b0>, 'total_simulations': 5000, 'cores': 6, 'deck_number': 6, 'shoe_penetration': 0.2, 'dealer_peeks_for_blackjack': True, 'das': True, 'dealer_stands_soft_17': True, 'surrender_allowed': True, 'units': 200, 'hands_played': 1000, 'num_of_other_players': 0}
2025-01-22 12:09:14,857:INFO:==================================================
2025-01-22 12:09:14,857:INFO:results:
2025-01-22 12:09:14,857:INFO:
shoes,hands_per_shoe,avg_bet,win_2_lose,ev_per_shoe,ev_per_100,std_per_shoe,std_per_100,max_dd,dd_duration_in_hands,risk_of_ruin
5000,46.665,0.6511939740705025,1.0404927348400395,0.6218268,1.3321053984575837,11.704382032705333,16.866676495945566,373.1369999999828,7431,0.1530613213439748
2025-01-22 12:09:14,857:INFO:==================================================
2025-01-22 12:09:14,919:INFO:               mean       std
tc                           
-20 to -1 -0.000016  0.001167
0         -0.000013  0.001152
1          0.000159  0.061740
2         -0.002053  1.160144
3          0.031850  2.313365
4          0.036599  3.454677
5          0.147598  4.627572
6         -0.021196  5.793495
7          0.089231  7.038503
8          0.555556  7.210545
9          0.580247  7.222671
10         0.348668  7.259375
11 to 20   0.542986  7.133595
2025-01-22 12:09:14,922:INFO:==================================================
2025-01-22 12:09:23,760:INFO:expected_value.run() is called with the following configurations:
2025-01-22 12:09:23,761:INFO:{'mover': <action_strategies.CardCountMover object at 0x15a421940>, 'better': <betting_strategies.Wong6 object at 0x15a4227b0>, 'total_simulations': 2000, 'cores': 6, 'deck_number': 6, 'shoe_penetration': 0.2, 'dealer_peeks_for_blackjack': True, 'das': True, 'dealer_stands_soft_17': True, 'surrender_allowed': True, 'units': 200, 'hands_played': 1000, 'num_of_other_players': 0}
2025-01-22 12:09:27,294:INFO:==================================================
2025-01-22 12:09:27,294:INFO:results:
2025-01-22 12:09:27,294:INFO:
shoes,hands_per_shoe,avg_bet,win_2_lose,ev_per_shoe,ev_per_100,std_per_shoe,std_per_100,max_dd,dd_duration_in_hands,risk_of_ruin
2000,46.5985,0.6045155852656202,1.0847548166317647,1.18711675,2.5474608369098717,11.260786112262124,17.56684280860242,303.08449999999084,7923,0.035955761416021345
2025-01-22 12:09:27,294:INFO:==================================================
2025-01-22 12:09:27,326:INFO:               mean       std
tc                           
-20 to -1 -0.000031  0.001165
0          0.000003  0.001157
1          0.000086  0.058829
2          0.014693  1.162150
3          0.056926  2.297594
4          0.071770  3.439285
5          0.298050  4.712824
6          0.190244  5.749552
7          0.665742  7.161087
8          0.119107  6.994718
9          0.814286  7.151055
10         0.635593  7.694670
11 to 20   0.051724  7.516758
2025-01-22 12:09:27,328:INFO:==================================================
